{"C:\\Users\\dave\\Desktop\\hearthstone-json-graphql\\schema\\cards\\query\\index.js": {"path":"C:\\Users\\dave\\Desktop\\hearthstone-json-graphql\\schema\\cards\\query\\index.js","statementMap":{"0":{"start":{"line":1,"column":10},"end":{"line":1,"column":30}},"1":{"start":{"line":2,"column":13},"end":{"line":2,"column":30}},"2":{"start":{"line":3,"column":15},"end":{"line":3,"column":34}},"3":{"start":{"line":5,"column":14},"end":{"line":12,"column":1}},"4":{"start":{"line":6,"column":12},"end":{"line":9,"column":2}},"5":{"start":{"line":11,"column":1},"end":{"line":11,"column":18}},"6":{"start":{"line":14,"column":0},"end":{"line":14,"column":23}}},"fnMap":{"0":{"name":"(anonymous_0)","decl":{"start":{"line":5,"column":14},"end":{"line":5,"column":15}},"loc":{"start":{"line":5,"column":31},"end":{"line":12,"column":1}},"line":5}},"branchMap":{},"s":{"0":1,"1":1,"2":1,"3":1,"4":1,"5":1,"6":1},"f":{"0":1},"b":{},"_coverageSchema":"43e27e138ebf9cfc5966b082cf9a028302ed4184","hash":"db27b857f4a5fa793c4cd84f66636e8bfa95bb34"}
,"C:\\Users\\dave\\Desktop\\hearthstone-json-graphql\\schema\\cards\\query\\search\\index.js": {"path":"C:\\Users\\dave\\Desktop\\hearthstone-json-graphql\\schema\\cards\\query\\search\\index.js","statementMap":{"0":{"start":{"line":1,"column":10},"end":{"line":1,"column":30}},"1":{"start":{"line":3,"column":15},"end":{"line":19,"column":1}},"2":{"start":{"line":3,"column":23},"end":{"line":19,"column":1}},"3":{"start":{"line":4,"column":1},"end":{"line":4,"column":31}},"4":{"start":{"line":4,"column":18},"end":{"line":4,"column":31}},"5":{"start":{"line":6,"column":28},"end":{"line":12,"column":3}},"6":{"start":{"line":7,"column":2},"end":{"line":12,"column":3}},"7":{"start":{"line":14,"column":18},"end":{"line":16,"column":2}},"8":{"start":{"line":18,"column":1},"end":{"line":18,"column":24}},"9":{"start":{"line":21,"column":0},"end":{"line":21,"column":24}}},"fnMap":{"0":{"name":"(anonymous_0)","decl":{"start":{"line":3,"column":15},"end":{"line":3,"column":16}},"loc":{"start":{"line":3,"column":23},"end":{"line":19,"column":1}},"line":3},"1":{"name":"(anonymous_1)","decl":{"start":{"line":3,"column":23},"end":{"line":3,"column":24}},"loc":{"start":{"line":3,"column":32},"end":{"line":19,"column":1}},"line":3},"2":{"name":"(anonymous_2)","decl":{"start":{"line":6,"column":28},"end":{"line":6,"column":29}},"loc":{"start":{"line":7,"column":2},"end":{"line":12,"column":3}},"line":7}},"branchMap":{"0":{"loc":{"start":{"line":4,"column":1},"end":{"line":4,"column":31}},"type":"if","locations":[{"start":{"line":4,"column":1},"end":{"line":4,"column":31}},{"start":{"line":4,"column":1},"end":{"line":4,"column":31}}],"line":4},"1":{"loc":{"start":{"line":10,"column":15},"end":{"line":10,"column":61}},"type":"cond-expr","locations":[{"start":{"line":10,"column":33},"end":{"line":10,"column":56}},{"start":{"line":10,"column":59},"end":{"line":10,"column":61}}],"line":10}},"s":{"0":2,"1":2,"2":7,"3":7,"4":1,"5":6,"6":18,"7":6,"8":6,"9":2},"f":{"0":7,"1":7,"2":18},"b":{"0":[1,6],"1":[8,10]},"_coverageSchema":"43e27e138ebf9cfc5966b082cf9a028302ed4184","hash":"6fa66526947af6edef657cf51a3c7d62f36740ba"}
,"C:\\Users\\dave\\Desktop\\hearthstone-json-graphql\\schema\\cards\\query\\sort\\index.js": {"path":"C:\\Users\\dave\\Desktop\\hearthstone-json-graphql\\schema\\cards\\query\\sort\\index.js","statementMap":{"0":{"start":{"line":1,"column":10},"end":{"line":1,"column":30}},"1":{"start":{"line":3,"column":13},"end":{"line":17,"column":1}},"2":{"start":{"line":3,"column":21},"end":{"line":17,"column":1}},"3":{"start":{"line":4,"column":1},"end":{"line":6,"column":2}},"4":{"start":{"line":5,"column":2},"end":{"line":5,"column":15}},"5":{"start":{"line":8,"column":12},"end":{"line":14,"column":4}},"6":{"start":{"line":9,"column":2},"end":{"line":14,"column":4}},"7":{"start":{"line":10,"column":3},"end":{"line":12,"column":4}},"8":{"start":{"line":11,"column":4},"end":{"line":11,"column":25}},"9":{"start":{"line":13,"column":3},"end":{"line":13,"column":24}},"10":{"start":{"line":16,"column":1},"end":{"line":16,"column":26}},"11":{"start":{"line":19,"column":0},"end":{"line":19,"column":22}}},"fnMap":{"0":{"name":"(anonymous_0)","decl":{"start":{"line":3,"column":13},"end":{"line":3,"column":14}},"loc":{"start":{"line":3,"column":21},"end":{"line":17,"column":1}},"line":3},"1":{"name":"(anonymous_1)","decl":{"start":{"line":3,"column":21},"end":{"line":3,"column":22}},"loc":{"start":{"line":3,"column":30},"end":{"line":17,"column":1}},"line":3},"2":{"name":"(anonymous_2)","decl":{"start":{"line":8,"column":12},"end":{"line":8,"column":13}},"loc":{"start":{"line":9,"column":2},"end":{"line":14,"column":4}},"line":9},"3":{"name":"(anonymous_3)","decl":{"start":{"line":9,"column":13},"end":{"line":9,"column":14}},"loc":{"start":{"line":9,"column":23},"end":{"line":14,"column":3}},"line":9}},"branchMap":{"0":{"loc":{"start":{"line":4,"column":1},"end":{"line":6,"column":2}},"type":"if","locations":[{"start":{"line":4,"column":1},"end":{"line":6,"column":2}},{"start":{"line":4,"column":1},"end":{"line":6,"column":2}}],"line":4},"1":{"loc":{"start":{"line":10,"column":3},"end":{"line":12,"column":4}},"type":"if","locations":[{"start":{"line":10,"column":3},"end":{"line":12,"column":4}},{"start":{"line":10,"column":3},"end":{"line":12,"column":4}}],"line":10}},"s":{"0":2,"1":2,"2":4,"3":4,"4":2,"5":2,"6":2,"7":4,"8":0,"9":4,"10":2,"11":2},"f":{"0":4,"1":4,"2":2,"3":4},"b":{"0":[2,2],"1":[0,4]},"_coverageSchema":"43e27e138ebf9cfc5966b082cf9a028302ed4184","hash":"49e08f2b77328d0c4b78248f3868b25cf08cb81c"}
}
