TN:
SF:C:\Users\dave\Desktop\hearthstone-json-graphql\schema\cards\query\index.js
FN:5,(anonymous_0)
FNF:1
FNH:1
FNDA:1,(anonymous_0)
DA:1,1
DA:2,1
DA:3,1
DA:5,1
DA:6,1
DA:11,1
DA:14,1
LF:7
LH:7
BRF:0
BRH:0
end_of_record
TN:
SF:C:\Users\dave\Desktop\hearthstone-json-graphql\schema\cards\query\search\index.js
FN:3,(anonymous_0)
FN:3,(anonymous_1)
FN:6,(anonymous_2)
FNF:3
FNH:3
FNDA:7,(anonymous_0)
FNDA:7,(anonymous_1)
FNDA:18,(anonymous_2)
DA:1,2
DA:3,7
DA:4,7
DA:6,6
DA:7,18
DA:14,6
DA:18,6
DA:21,2
LF:8
LH:8
BRDA:4,0,0,1
BRDA:4,0,1,6
BRDA:10,1,0,8
BRDA:10,1,1,10
BRF:4
BRH:4
end_of_record
TN:
SF:C:\Users\dave\Desktop\hearthstone-json-graphql\schema\cards\query\sort\index.js
FN:3,(anonymous_0)
FN:3,(anonymous_1)
FN:8,(anonymous_2)
FN:9,(anonymous_3)
FNF:4
FNH:4
FNDA:4,(anonymous_0)
FNDA:4,(anonymous_1)
FNDA:2,(anonymous_2)
FNDA:4,(anonymous_3)
DA:1,2
DA:3,4
DA:4,4
DA:5,2
DA:8,2
DA:9,2
DA:10,4
DA:11,0
DA:13,4
DA:16,2
DA:19,2
LF:11
LH:10
BRDA:4,0,0,2
BRDA:4,0,1,2
BRDA:10,1,0,0
BRDA:10,1,1,4
BRF:4
BRH:3
end_of_record
